<html>
<head>
<title>TestNG:  FirefoxTest</title>
<link href="../testng.css" rel="stylesheet" type="text/css" />
<link href="../my-testng.css" rel="stylesheet" type="text/css" />

<style type="text/css">
.log { display: none;} 
.stack-trace { display: none;} 
</style>
<script type="text/javascript">
<!--
function flip(e) {
  current = e.style.display;
  if (current == 'block') {
    e.style.display = 'none';
    return 0;
  }
  else {
    e.style.display = 'block';
    return 1;
  }
}

function toggleBox(szDivId, elem, msg1, msg2)
{
  var res = -1;  if (document.getElementById) {
    res = flip(document.getElementById(szDivId));
  }
  else if (document.all) {
    // this is the way old msie versions work
    res = flip(document.all[szDivId]);
  }
  if(elem) {
    if(res == 0) elem.innerHTML = msg1; else elem.innerHTML = msg2;
  }

}

function toggleAllBoxes() {
  if (document.getElementsByTagName) {
    d = document.getElementsByTagName('div');
    for (i = 0; i < d.length; i++) {
      if (d[i].className == 'log') {
        flip(d[i]);
      }
    }
  }
}

// -->
</script>

</head>
<body>
<h2 align='center'>FirefoxTest</h2><table border='1' align="center">
<tr>
<td>Tests passed/Failed/Skipped:</td><td>0/1/1</td>
</tr><tr>
<td>Started on:</td><td>Thu May 17 09:25:44 IST 2018</td>
</tr>
<tr><td>Total time:</td><td>9 seconds (9727 ms)</td>
</tr><tr>
<td>Included groups:</td><td></td>
</tr><tr>
<td>Excluded groups:</td><td></td>
</tr>
</table><p/>
<small><i>(Hover the method name to see the test class name)</i></small><p/>
<table width='100%' border='1' class='invocation-failed'>
<tr><td colspan='4' align='center'><b>FAILED CONFIGURATIONS</b></td></tr>
<tr><td><b>Test method</b></td>
<td width="30%"><b>Exception</b></td>
<td width="10%"><b>Time (seconds)</b></td>
<td><b>Instance</b></td>
</tr>
<tr>
<td title='pageTests.LoginPageTests.testClosure()'><b>testClosure</b><br>Test class: pageTests.LoginPageTests</td>
<td><div><pre>org.openqa.selenium.NoSuchWindowException: Window not found. The browser window may have been closed.
Command duration or timeout: 96 milliseconds
Build info: version: &apos;2.53.1&apos;, revision: &apos;a36b8b1&apos;, time: &apos;2016-06-30 17:32:46&apos;
System info: host: &apos;IN01LAP00082&apos;, ip: &apos;192.168.3.119&apos;, os.name: &apos;Windows 10&apos;, os.arch: &apos;amd64&apos;, os.version: &apos;10.0&apos;, java.version: &apos;1.8.0_92&apos;
Driver info: org.openqa.selenium.firefox.FirefoxDriver
Capabilities [{applicationCacheEnabled=true, rotatable=false, handlesAlerts=true, databaseEnabled=true, version=40.0, platform=WINDOWS, nativeEvents=false, acceptSslCerts=true, webStorageEnabled=true, locationContextEnabled=true, browserName=firefox, takesScreenshot=true, javascriptEnabled=true, cssSelectorsEnabled=true}]
Session ID: fd07d307-03b9-4d94-af66-c3e62dafe09a
	at org.openqa.selenium.remote.ErrorHandler.createThrowable(ErrorHandler.java:206)
	at org.openqa.selenium.remote.ErrorHandler.throwIfResponseFailed(ErrorHandler.java:158)
	at org.openqa.selenium.remote.RemoteWebDriver.execute(RemoteWebDriver.java:678)
	at org.openqa.selenium.remote.RemoteWebDriver.execute(RemoteWebDriver.java:701)
	at org.openqa.selenium.remote.RemoteWebDriver.close(RemoteWebDriver.java:521)
	at testBaseLibrary.TestBase.closeBrowser(TestBase.java:56)
	at pageTests.LoginPageTests.testClosure(LoginPageTests.java:78)
	at java.util.concurrent.FutureTask.run(Unknown Source)
	at java.util.concurrent.ThreadPoolExecutor.runWorker(Unknown Source)
	at java.util.concurrent.ThreadPoolExecutor$Worker.run(Unknown Source)
	at java.lang.Thread.run(Unknown Source)
Caused by: org.openqa.selenium.NoSuchWindowException: Window not found. The browser window may have been closed.
Build info: version: &apos;2.53.1&apos;, revision: &apos;a36b8b1&apos;, time: &apos;2016-06-30 17:32:46&apos;
System info: host: &apos;IN01LAP00082&apos;, ip: &apos;192.168.3.119&apos;, os.name: &apos;Windows 10&apos;, os.arch: &apos;amd64&apos;, os.version: &apos;10.0&apos;, java.version: &apos;1.8.0_92&apos;
Driver info: driver.version: unknown
	at &lt;anonymous class&gt;.nsCommandProcessor.prototype.execute(file:///C:/Users/VD57/AppData/Local/Temp/anonymous1211750520287768409webdriver-profile/extensions/fxdriver@googlecode.com/components/command-processor.js:12715)
	at &lt;anonymous class&gt;.Dispatcher.executeAs/&lt;(file:///C:/Users/VD57/AppData/Local/Temp/anonymous1211750520287768409webdriver-profile/extensions/fxdriver@googlecode.com/components/driver-component.js:9558)
	at &lt;anonymous class&gt;.Resource.prototype.handle(file:///C:/Users/VD57/AppData/Local/Temp/anonymous1211750520287768409webdriver-profile/extensions/fxdriver@googlecode.com/components/driver-component.js:9705)
	at &lt;anonymous class&gt;.Dispatcher.prototype.dispatch(file:///C:/Users/VD57/AppData/Local/Temp/anonymous1211750520287768409webdriver-profile/extensions/fxdriver@googlecode.com/components/driver-component.js:9652)
	at &lt;anonymous class&gt;.WebDriverServer/&lt;.handle(file:///C:/Users/VD57/AppData/Local/Temp/anonymous1211750520287768409webdriver-profile/extensions/fxdriver@googlecode.com/components/driver-component.js:12517)
	at &lt;anonymous class&gt;.createHandlerFunc/&lt;(file:///C:/Users/VD57/AppData/Local/Temp/anonymous1211750520287768409webdriver-profile/extensions/fxdriver@googlecode.com/components/httpd.js:2054)
	at &lt;anonymous class&gt;.ServerHandler.prototype.handleResponse(file:///C:/Users/VD57/AppData/Local/Temp/anonymous1211750520287768409webdriver-profile/extensions/fxdriver@googlecode.com/components/httpd.js:2387)
	at &lt;anonymous class&gt;.Connection.prototype.process(file:///C:/Users/VD57/AppData/Local/Temp/anonymous1211750520287768409webdriver-profile/extensions/fxdriver@googlecode.com/components/httpd.js:1223)
	at &lt;anonymous class&gt;.RequestReader.prototype._handleResponse(file:///C:/Users/VD57/AppData/Local/Temp/anonymous1211750520287768409webdriver-profile/extensions/fxdriver@googlecode.com/components/httpd.js:1677)
	at &lt;anonymous class&gt;.RequestReader.prototype._processBody(file:///C:/Users/VD57/AppData/Local/Temp/anonymous1211750520287768409webdriver-profile/extensions/fxdriver@googlecode.com/components/httpd.js:1525)
	at &lt;anonymous class&gt;.RequestReader.prototype.onInputStreamReady(file:///C:/Users/VD57/AppData/Local/Temp/anonymous1211750520287768409webdriver-profile/extensions/fxdriver@googlecode.com/components/httpd.js:1393)
... Removed 22 stack frames</pre></div><a href='#' onClick='toggleBox("stack-trace202202856", this, "Click to show all stack frames", "Click to hide stack frames")'>Click to show all stack frames</a>
<div class='stack-trace' id='stack-trace202202856'><pre>org.openqa.selenium.NoSuchWindowException: Window not found. The browser window may have been closed.
Command duration or timeout: 96 milliseconds
Build info: version: &apos;2.53.1&apos;, revision: &apos;a36b8b1&apos;, time: &apos;2016-06-30 17:32:46&apos;
System info: host: &apos;IN01LAP00082&apos;, ip: &apos;192.168.3.119&apos;, os.name: &apos;Windows 10&apos;, os.arch: &apos;amd64&apos;, os.version: &apos;10.0&apos;, java.version: &apos;1.8.0_92&apos;
Driver info: org.openqa.selenium.firefox.FirefoxDriver
Capabilities [{applicationCacheEnabled=true, rotatable=false, handlesAlerts=true, databaseEnabled=true, version=40.0, platform=WINDOWS, nativeEvents=false, acceptSslCerts=true, webStorageEnabled=true, locationContextEnabled=true, browserName=firefox, takesScreenshot=true, javascriptEnabled=true, cssSelectorsEnabled=true}]
Session ID: fd07d307-03b9-4d94-af66-c3e62dafe09a
	at sun.reflect.NativeConstructorAccessorImpl.newInstance0(Native Method)
	at sun.reflect.NativeConstructorAccessorImpl.newInstance(Unknown Source)
	at sun.reflect.DelegatingConstructorAccessorImpl.newInstance(Unknown Source)
	at java.lang.reflect.Constructor.newInstance(Unknown Source)
	at org.openqa.selenium.remote.ErrorHandler.createThrowable(ErrorHandler.java:206)
	at org.openqa.selenium.remote.ErrorHandler.throwIfResponseFailed(ErrorHandler.java:158)
	at org.openqa.selenium.remote.RemoteWebDriver.execute(RemoteWebDriver.java:678)
	at org.openqa.selenium.remote.RemoteWebDriver.execute(RemoteWebDriver.java:701)
	at org.openqa.selenium.remote.RemoteWebDriver.close(RemoteWebDriver.java:521)
	at testBaseLibrary.TestBase.closeBrowser(TestBase.java:56)
	at pageTests.LoginPageTests.testClosure(LoginPageTests.java:78)
	at sun.reflect.NativeMethodAccessorImpl.invoke0(Native Method)
	at sun.reflect.NativeMethodAccessorImpl.invoke(Unknown Source)
	at sun.reflect.DelegatingMethodAccessorImpl.invoke(Unknown Source)
	at java.lang.reflect.Method.invoke(Unknown Source)
	at org.testng.internal.MethodInvocationHelper.invokeMethod(MethodInvocationHelper.java:85)
	at org.testng.internal.Invoker.invokeConfigurationMethod(Invoker.java:510)
	at org.testng.internal.Invoker.invokeConfigurations(Invoker.java:211)
	at org.testng.internal.Invoker.invokeMethod(Invoker.java:703)
	at org.testng.internal.Invoker.invokeTestMethod(Invoker.java:816)
	at org.testng.internal.Invoker.invokeTestMethods(Invoker.java:1124)
	at org.testng.internal.TestMethodWorker.invokeTestMethods(TestMethodWorker.java:125)
	at org.testng.internal.TestMethodWorker.run(TestMethodWorker.java:108)
	at org.testng.TestRunner.privateRun(TestRunner.java:774)
	at org.testng.TestRunner.run(TestRunner.java:624)
	at org.testng.SuiteRunner.runTest(SuiteRunner.java:359)
	at org.testng.SuiteRunner.access$000(SuiteRunner.java:39)
	at org.testng.SuiteRunner$SuiteWorker.run(SuiteRunner.java:393)
	at org.testng.internal.thread.ThreadUtil$2.call(ThreadUtil.java:64)
	at java.util.concurrent.FutureTask.run(Unknown Source)
	at java.util.concurrent.ThreadPoolExecutor.runWorker(Unknown Source)
	at java.util.concurrent.ThreadPoolExecutor$Worker.run(Unknown Source)
	at java.lang.Thread.run(Unknown Source)
Caused by: org.openqa.selenium.NoSuchWindowException: Window not found. The browser window may have been closed.
Build info: version: &apos;2.53.1&apos;, revision: &apos;a36b8b1&apos;, time: &apos;2016-06-30 17:32:46&apos;
System info: host: &apos;IN01LAP00082&apos;, ip: &apos;192.168.3.119&apos;, os.name: &apos;Windows 10&apos;, os.arch: &apos;amd64&apos;, os.version: &apos;10.0&apos;, java.version: &apos;1.8.0_92&apos;
Driver info: driver.version: unknown
	at &lt;anonymous class&gt;.nsCommandProcessor.prototype.execute(file:///C:/Users/VD57/AppData/Local/Temp/anonymous1211750520287768409webdriver-profile/extensions/fxdriver@googlecode.com/components/command-processor.js:12715)
	at &lt;anonymous class&gt;.Dispatcher.executeAs/&lt;(file:///C:/Users/VD57/AppData/Local/Temp/anonymous1211750520287768409webdriver-profile/extensions/fxdriver@googlecode.com/components/driver-component.js:9558)
	at &lt;anonymous class&gt;.Resource.prototype.handle(file:///C:/Users/VD57/AppData/Local/Temp/anonymous1211750520287768409webdriver-profile/extensions/fxdriver@googlecode.com/components/driver-component.js:9705)
	at &lt;anonymous class&gt;.Dispatcher.prototype.dispatch(file:///C:/Users/VD57/AppData/Local/Temp/anonymous1211750520287768409webdriver-profile/extensions/fxdriver@googlecode.com/components/driver-component.js:9652)
	at &lt;anonymous class&gt;.WebDriverServer/&lt;.handle(file:///C:/Users/VD57/AppData/Local/Temp/anonymous1211750520287768409webdriver-profile/extensions/fxdriver@googlecode.com/components/driver-component.js:12517)
	at &lt;anonymous class&gt;.createHandlerFunc/&lt;(file:///C:/Users/VD57/AppData/Local/Temp/anonymous1211750520287768409webdriver-profile/extensions/fxdriver@googlecode.com/components/httpd.js:2054)
	at &lt;anonymous class&gt;.ServerHandler.prototype.handleResponse(file:///C:/Users/VD57/AppData/Local/Temp/anonymous1211750520287768409webdriver-profile/extensions/fxdriver@googlecode.com/components/httpd.js:2387)
	at &lt;anonymous class&gt;.Connection.prototype.process(file:///C:/Users/VD57/AppData/Local/Temp/anonymous1211750520287768409webdriver-profile/extensions/fxdriver@googlecode.com/components/httpd.js:1223)
	at &lt;anonymous class&gt;.RequestReader.prototype._handleResponse(file:///C:/Users/VD57/AppData/Local/Temp/anonymous1211750520287768409webdriver-profile/extensions/fxdriver@googlecode.com/components/httpd.js:1677)
	at &lt;anonymous class&gt;.RequestReader.prototype._processBody(file:///C:/Users/VD57/AppData/Local/Temp/anonymous1211750520287768409webdriver-profile/extensions/fxdriver@googlecode.com/components/httpd.js:1525)
	at &lt;anonymous class&gt;.RequestReader.prototype.onInputStreamReady(file:///C:/Users/VD57/AppData/Local/Temp/anonymous1211750520287768409webdriver-profile/extensions/fxdriver@googlecode.com/components/httpd.js:1393)
</pre></div></td>
<td>0</td>
<td>pageTests.LoginPageTests@6e8dacdf</td></tr>
</table><p>
<table width='100%' border='1' class='invocation-skipped'>
<tr><td colspan='4' align='center'><b>SKIPPED CONFIGURATIONS</b></td></tr>
<tr><td><b>Test method</b></td>
<td width="30%"><b>Exception</b></td>
<td width="10%"><b>Time (seconds)</b></td>
<td><b>Instance</b></td>
</tr>
<tr>
<td title='pageTests.LoginPageTests.testIniatialize()'><b>testIniatialize</b><br>Test class: pageTests.LoginPageTests</td>
<td></td>
<td>0</td>
<td>pageTests.LoginPageTests@6e8dacdf</td></tr>
<tr>
<td title='pageTests.LoginPageTests.testClosure()'><b>testClosure</b><br>Test class: pageTests.LoginPageTests</td>
<td></td>
<td>0</td>
<td>pageTests.LoginPageTests@6e8dacdf</td></tr>
</table><p>
<table width='100%' border='1' class='invocation-failed'>
<tr><td colspan='4' align='center'><b>FAILED TESTS</b></td></tr>
<tr><td><b>Test method</b></td>
<td width="30%"><b>Exception</b></td>
<td width="10%"><b>Time (seconds)</b></td>
<td><b>Instance</b></td>
</tr>
<tr>
<td title='pageTests.LoginPageTests.loginWithValidCredentials()'><b>loginWithValidCredentials</b><br>Test class: pageTests.LoginPageTests</td>
<td><div><pre>org.openqa.selenium.NoSuchWindowException: Window not found. The browser window may have been closed.
Command duration or timeout: 115 milliseconds
Build info: version: &apos;2.53.1&apos;, revision: &apos;a36b8b1&apos;, time: &apos;2016-06-30 17:32:46&apos;
System info: host: &apos;IN01LAP00082&apos;, ip: &apos;192.168.3.119&apos;, os.name: &apos;Windows 10&apos;, os.arch: &apos;amd64&apos;, os.version: &apos;10.0&apos;, java.version: &apos;1.8.0_92&apos;
Driver info: org.openqa.selenium.firefox.FirefoxDriver
Capabilities [{applicationCacheEnabled=true, rotatable=false, handlesAlerts=true, databaseEnabled=true, version=40.0, platform=WINDOWS, nativeEvents=false, acceptSslCerts=true, webStorageEnabled=true, locationContextEnabled=true, browserName=firefox, takesScreenshot=true, javascriptEnabled=true, cssSelectorsEnabled=true}]
Session ID: fd07d307-03b9-4d94-af66-c3e62dafe09a
	at org.openqa.selenium.remote.ErrorHandler.createThrowable(ErrorHandler.java:206)
	at org.openqa.selenium.remote.ErrorHandler.throwIfResponseFailed(ErrorHandler.java:158)
	at org.openqa.selenium.remote.RemoteWebDriver.execute(RemoteWebDriver.java:678)
	at org.openqa.selenium.remote.RemoteWebDriver.execute(RemoteWebDriver.java:701)
	at org.openqa.selenium.remote.RemoteWebDriver.getTitle(RemoteWebDriver.java:320)
	at pageTests.LoginPageTests.loginWithValidCredentials(LoginPageTests.java:52)
	at java.util.concurrent.FutureTask.run(Unknown Source)
	at java.util.concurrent.ThreadPoolExecutor.runWorker(Unknown Source)
	at java.util.concurrent.ThreadPoolExecutor$Worker.run(Unknown Source)
	at java.lang.Thread.run(Unknown Source)
Caused by: org.openqa.selenium.NoSuchWindowException: Window not found. The browser window may have been closed.
Build info: version: &apos;2.53.1&apos;, revision: &apos;a36b8b1&apos;, time: &apos;2016-06-30 17:32:46&apos;
System info: host: &apos;IN01LAP00082&apos;, ip: &apos;192.168.3.119&apos;, os.name: &apos;Windows 10&apos;, os.arch: &apos;amd64&apos;, os.version: &apos;10.0&apos;, java.version: &apos;1.8.0_92&apos;
Driver info: driver.version: unknown
	at &lt;anonymous class&gt;.nsCommandProcessor.prototype.execute(file:///C:/Users/VD57/AppData/Local/Temp/anonymous1211750520287768409webdriver-profile/extensions/fxdriver@googlecode.com/components/command-processor.js:12715)
	at &lt;anonymous class&gt;.Dispatcher.executeAs/&lt;(file:///C:/Users/VD57/AppData/Local/Temp/anonymous1211750520287768409webdriver-profile/extensions/fxdriver@googlecode.com/components/driver-component.js:9558)
	at &lt;anonymous class&gt;.Resource.prototype.handle(file:///C:/Users/VD57/AppData/Local/Temp/anonymous1211750520287768409webdriver-profile/extensions/fxdriver@googlecode.com/components/driver-component.js:9705)
	at &lt;anonymous class&gt;.Dispatcher.prototype.dispatch(file:///C:/Users/VD57/AppData/Local/Temp/anonymous1211750520287768409webdriver-profile/extensions/fxdriver@googlecode.com/components/driver-component.js:9652)
	at &lt;anonymous class&gt;.WebDriverServer/&lt;.handle(file:///C:/Users/VD57/AppData/Local/Temp/anonymous1211750520287768409webdriver-profile/extensions/fxdriver@googlecode.com/components/driver-component.js:12517)
	at &lt;anonymous class&gt;.createHandlerFunc/&lt;(file:///C:/Users/VD57/AppData/Local/Temp/anonymous1211750520287768409webdriver-profile/extensions/fxdriver@googlecode.com/components/httpd.js:2054)
	at &lt;anonymous class&gt;.ServerHandler.prototype.handleResponse(file:///C:/Users/VD57/AppData/Local/Temp/anonymous1211750520287768409webdriver-profile/extensions/fxdriver@googlecode.com/components/httpd.js:2387)
	at &lt;anonymous class&gt;.Connection.prototype.process(file:///C:/Users/VD57/AppData/Local/Temp/anonymous1211750520287768409webdriver-profile/extensions/fxdriver@googlecode.com/components/httpd.js:1223)
	at &lt;anonymous class&gt;.RequestReader.prototype._handleResponse(file:///C:/Users/VD57/AppData/Local/Temp/anonymous1211750520287768409webdriver-profile/extensions/fxdriver@googlecode.com/components/httpd.js:1677)
	at &lt;anonymous class&gt;.RequestReader.prototype._processBody(file:///C:/Users/VD57/AppData/Local/Temp/anonymous1211750520287768409webdriver-profile/extensions/fxdriver@googlecode.com/components/httpd.js:1525)
	at &lt;anonymous class&gt;.RequestReader.prototype.onInputStreamReady(file:///C:/Users/VD57/AppData/Local/Temp/anonymous1211750520287768409webdriver-profile/extensions/fxdriver@googlecode.com/components/httpd.js:1393)
... Removed 20 stack frames</pre></div><a href='#' onClick='toggleBox("stack-trace2005184537", this, "Click to show all stack frames", "Click to hide stack frames")'>Click to show all stack frames</a>
<div class='stack-trace' id='stack-trace2005184537'><pre>org.openqa.selenium.NoSuchWindowException: Window not found. The browser window may have been closed.
Command duration or timeout: 115 milliseconds
Build info: version: &apos;2.53.1&apos;, revision: &apos;a36b8b1&apos;, time: &apos;2016-06-30 17:32:46&apos;
System info: host: &apos;IN01LAP00082&apos;, ip: &apos;192.168.3.119&apos;, os.name: &apos;Windows 10&apos;, os.arch: &apos;amd64&apos;, os.version: &apos;10.0&apos;, java.version: &apos;1.8.0_92&apos;
Driver info: org.openqa.selenium.firefox.FirefoxDriver
Capabilities [{applicationCacheEnabled=true, rotatable=false, handlesAlerts=true, databaseEnabled=true, version=40.0, platform=WINDOWS, nativeEvents=false, acceptSslCerts=true, webStorageEnabled=true, locationContextEnabled=true, browserName=firefox, takesScreenshot=true, javascriptEnabled=true, cssSelectorsEnabled=true}]
Session ID: fd07d307-03b9-4d94-af66-c3e62dafe09a
	at sun.reflect.NativeConstructorAccessorImpl.newInstance0(Native Method)
	at sun.reflect.NativeConstructorAccessorImpl.newInstance(Unknown Source)
	at sun.reflect.DelegatingConstructorAccessorImpl.newInstance(Unknown Source)
	at java.lang.reflect.Constructor.newInstance(Unknown Source)
	at org.openqa.selenium.remote.ErrorHandler.createThrowable(ErrorHandler.java:206)
	at org.openqa.selenium.remote.ErrorHandler.throwIfResponseFailed(ErrorHandler.java:158)
	at org.openqa.selenium.remote.RemoteWebDriver.execute(RemoteWebDriver.java:678)
	at org.openqa.selenium.remote.RemoteWebDriver.execute(RemoteWebDriver.java:701)
	at org.openqa.selenium.remote.RemoteWebDriver.getTitle(RemoteWebDriver.java:320)
	at pageTests.LoginPageTests.loginWithValidCredentials(LoginPageTests.java:52)
	at sun.reflect.NativeMethodAccessorImpl.invoke0(Native Method)
	at sun.reflect.NativeMethodAccessorImpl.invoke(Unknown Source)
	at sun.reflect.DelegatingMethodAccessorImpl.invoke(Unknown Source)
	at java.lang.reflect.Method.invoke(Unknown Source)
	at org.testng.internal.MethodInvocationHelper.invokeMethod(MethodInvocationHelper.java:85)
	at org.testng.internal.Invoker.invokeMethod(Invoker.java:639)
	at org.testng.internal.Invoker.invokeTestMethod(Invoker.java:816)
	at org.testng.internal.Invoker.invokeTestMethods(Invoker.java:1124)
	at org.testng.internal.TestMethodWorker.invokeTestMethods(TestMethodWorker.java:125)
	at org.testng.internal.TestMethodWorker.run(TestMethodWorker.java:108)
	at org.testng.TestRunner.privateRun(TestRunner.java:774)
	at org.testng.TestRunner.run(TestRunner.java:624)
	at org.testng.SuiteRunner.runTest(SuiteRunner.java:359)
	at org.testng.SuiteRunner.access$000(SuiteRunner.java:39)
	at org.testng.SuiteRunner$SuiteWorker.run(SuiteRunner.java:393)
	at org.testng.internal.thread.ThreadUtil$2.call(ThreadUtil.java:64)
	at java.util.concurrent.FutureTask.run(Unknown Source)
	at java.util.concurrent.ThreadPoolExecutor.runWorker(Unknown Source)
	at java.util.concurrent.ThreadPoolExecutor$Worker.run(Unknown Source)
	at java.lang.Thread.run(Unknown Source)
Caused by: org.openqa.selenium.NoSuchWindowException: Window not found. The browser window may have been closed.
Build info: version: &apos;2.53.1&apos;, revision: &apos;a36b8b1&apos;, time: &apos;2016-06-30 17:32:46&apos;
System info: host: &apos;IN01LAP00082&apos;, ip: &apos;192.168.3.119&apos;, os.name: &apos;Windows 10&apos;, os.arch: &apos;amd64&apos;, os.version: &apos;10.0&apos;, java.version: &apos;1.8.0_92&apos;
Driver info: driver.version: unknown
	at &lt;anonymous class&gt;.nsCommandProcessor.prototype.execute(file:///C:/Users/VD57/AppData/Local/Temp/anonymous1211750520287768409webdriver-profile/extensions/fxdriver@googlecode.com/components/command-processor.js:12715)
	at &lt;anonymous class&gt;.Dispatcher.executeAs/&lt;(file:///C:/Users/VD57/AppData/Local/Temp/anonymous1211750520287768409webdriver-profile/extensions/fxdriver@googlecode.com/components/driver-component.js:9558)
	at &lt;anonymous class&gt;.Resource.prototype.handle(file:///C:/Users/VD57/AppData/Local/Temp/anonymous1211750520287768409webdriver-profile/extensions/fxdriver@googlecode.com/components/driver-component.js:9705)
	at &lt;anonymous class&gt;.Dispatcher.prototype.dispatch(file:///C:/Users/VD57/AppData/Local/Temp/anonymous1211750520287768409webdriver-profile/extensions/fxdriver@googlecode.com/components/driver-component.js:9652)
	at &lt;anonymous class&gt;.WebDriverServer/&lt;.handle(file:///C:/Users/VD57/AppData/Local/Temp/anonymous1211750520287768409webdriver-profile/extensions/fxdriver@googlecode.com/components/driver-component.js:12517)
	at &lt;anonymous class&gt;.createHandlerFunc/&lt;(file:///C:/Users/VD57/AppData/Local/Temp/anonymous1211750520287768409webdriver-profile/extensions/fxdriver@googlecode.com/components/httpd.js:2054)
	at &lt;anonymous class&gt;.ServerHandler.prototype.handleResponse(file:///C:/Users/VD57/AppData/Local/Temp/anonymous1211750520287768409webdriver-profile/extensions/fxdriver@googlecode.com/components/httpd.js:2387)
	at &lt;anonymous class&gt;.Connection.prototype.process(file:///C:/Users/VD57/AppData/Local/Temp/anonymous1211750520287768409webdriver-profile/extensions/fxdriver@googlecode.com/components/httpd.js:1223)
	at &lt;anonymous class&gt;.RequestReader.prototype._handleResponse(file:///C:/Users/VD57/AppData/Local/Temp/anonymous1211750520287768409webdriver-profile/extensions/fxdriver@googlecode.com/components/httpd.js:1677)
	at &lt;anonymous class&gt;.RequestReader.prototype._processBody(file:///C:/Users/VD57/AppData/Local/Temp/anonymous1211750520287768409webdriver-profile/extensions/fxdriver@googlecode.com/components/httpd.js:1525)
	at &lt;anonymous class&gt;.RequestReader.prototype.onInputStreamReady(file:///C:/Users/VD57/AppData/Local/Temp/anonymous1211750520287768409webdriver-profile/extensions/fxdriver@googlecode.com/components/httpd.js:1393)
</pre></div></td>
<td>3</td>
<td>pageTests.LoginPageTests@6e8dacdf</td></tr>
</table><p>
<table width='100%' border='1' class='invocation-skipped'>
<tr><td colspan='4' align='center'><b>SKIPPED TESTS</b></td></tr>
<tr><td><b>Test method</b></td>
<td width="30%"><b>Exception</b></td>
<td width="10%"><b>Time (seconds)</b></td>
<td><b>Instance</b></td>
</tr>
<tr>
<td title='pageTests.LoginPageTests.loginWithInalidCredentials()'><b>loginWithInalidCredentials</b><br>Test class: pageTests.LoginPageTests</td>
<td></td>
<td>0</td>
<td>pageTests.LoginPageTests@6e8dacdf</td></tr>
</table><p>
</body>
</html>